<?xml version='1.0' encoding='UTF-8'?>
<testsuite hostname="ashNitroV" name="test.ConversationSpec" tests="2" errors="0" failures="2" skipped="0" time="0.618" timestamp="2024-11-30T21:03:23">
          <properties>
      <property name="awt.toolkit" value="sun.awt.windows.WToolkit"/><property name="java.specification.version" value="11"/><property name="sun.cpu.isalist" value="amd64"/><property name="sun.jnu.encoding" value="Cp1252"/><property name="sun.arch.data.model" value="64"/><property name="sbt.supershell" value="false"/><property name="java.vendor.url" value="https://openjdk.java.net/"/><property name="sun.boot.library.path" value="C:\Java11\jdk\bin"/><property name="sun.java.command" value="C:\Users\marti\AppData\Roaming\JetBrains\IntelliJIdea2024.3\plugins\Scala\launcher\sbt-launch.jar early(addPluginSbtFile=&quot;&quot;&quot;C:\Users\marti\AppData\Local\Temp\idea.sbt&quot;&quot;&quot;) idea-shell"/><property name="jdk.debug" value="release"/><property name="sun.stderr.encoding" value="cp437"/><property name="java.specification.vendor" value="Oracle Corporation"/><property name="java.version.date" value="2024-07-16"/><property name="java.home" value="C:\Java11\jdk"/><property name="file.separator" value="\"/><property name="java.vm.compressedOopsMode" value="32-bit"/><property name="line.separator" value="
"/><property name="sun.stdout.encoding" value="cp437"/><property name="java.specification.name" value="Java Platform API Specification"/><property name="java.vm.specification.vendor" value="Oracle Corporation"/><property name="idea.installation.dir" value="C:\ashish\JetBrains\IntelliJ IDEA 2024.2.3"/><property name="user.script" value=""/><property name="sun.management.compiler" value="HotSpot 64-Bit Tiered Compilers"/><property name="java.runtime.version" value="11.0.24+7-LTS-271"/><property name="user.name" value="marti"/><property name="log4j.ignoreTCL" value="true"/><property name="file.encoding" value="UTF-8"/><property name="jnidispatch.path" value="C:\Users\marti\AppData\Local\Temp\jna-103666771\jna18026864322238646218.dll"/><property name="java.vendor.version" value="18.9"/><property name="jna.loaded" value="true"/><property name="java.io.tmpdir" value="C:\Users\marti\AppData\Local\Temp\"/><property name="java.version" value="11.0.24"/><property name="java.vm.specification.name" value="Java Virtual Machine Specification"/><property name="java.awt.printerjob" value="sun.awt.windows.WPrinterJob"/><property name="sun.os.patch.level" value=""/><property name="java.library.path" value="C:\Java11\jdk\bin;C:\Windows\Sun\Java\bin;C:\Windows\system32;C:\Windows;C:\Ruby33-x64\bin;C:\Program Files (x86)\Common Files\Oracle\Java\javapath;C:\Windows\system32;C:\Windows;C:\Windows\System32\Wbem;C:\Windows\System32\WindowsPowerShell\v1.0\;C:\Windows\System32\OpenSSH\;C:\Program Files (x86)\NVIDIA Corporation\PhysX\Common;C:\Program Files\Git\cmd;C:\Java11\jdk\bin;C:\hadoop\bin;C:\hadoop\sbin;C:\Spark\bin;C:\Program Files\PuTTY\;C:\msys64\ucrt64\bin;;C:\Program Files\NVIDIA Corporation\NVIDIA app\NvDLISR;C:\Program Files\Amazon\AWSCLIV2\;C:\Program Files\Docker\Docker\resources\bin;C:\Users\marti\AppData\Local\Programs\Python\Python313\Scripts\;C:\Users\marti\AppData\Local\Programs\Python\Python313\;C:\Users\marti\AppData\Local\Microsoft\WindowsApps;C:\ashish\JetBrains\IntelliJ IDEA 2024.2.3\bin;;C:\ashish\JetBrains\RubyMine 2024.2.3\bin;;C:\Spark\bin;C:\hadoop\bin;C:\Java11\jdk\bin;C:\msys64\ucrt64\bin;C:\ashish\vscode\Microsoft VS Code\bin;;C:\Users\marti\AppData\Local\Programs\Ollama;."/><property name="java.vendor" value="Oracle Corporation"/><property name="java.specification.maintenance.version" value="2"/><property name="sun.io.unicode.encoding" value="UnicodeLittle"/><property name="sun.desktop" value="windows"/><property name="java.class.path" value="C:\Users\marti\AppData\Roaming\JetBrains\IntelliJIdea2024.3\plugins\Scala\launcher\sbt-launch.jar"/><property name="java.vm.vendor" value="Oracle Corporation"/><property name="separate.prod.test.sources.enabled" value="false"/><property name="user.variant" value=""/><property name="jline.shutdownhook" value="false"/><property name="user.timezone" value="America/Chicago"/><property name="os.name" value="Windows 11"/><property name="java.vm.specification.version" value="11"/><property name="sun.java.launcher" value="SUN_STANDARD"/><property name="user.country" value="GB"/><property name="sun.cpu.endian" value="little"/><property name="user.home" value="C:\Users\marti"/><property name="user.language" value="en"/><property name="sbt.ipcsocket.tmpdir" value="C:\Users\marti\AppData\Local\Temp\.sbta4db4c3e\ipcsocket"/><property name="swoval.tmpdir" value="C:\Users\marti\AppData\Local\Temp\.sbta4db4c3e\swoval"/><property name="java.awt.graphicsenv" value="sun.awt.Win32GraphicsEnvironment"/><property name="jline.esc.timeout" value="0"/><property name="path.separator" value=";"/><property name="os.version" value="10.0"/><property name="jna.nosys" value="true"/><property name="java.runtime.name" value="Java(TM) SE Runtime Environment"/><property name="sbt.log.noformat" value="true"/><property name="java.vm.name" value="Java HotSpot(TM) 64-Bit Server VM"/><property name="java.vendor.url.bug" value="https://bugreport.java.com/bugreport/"/><property name="user.dir" value="C:\ashish\JetBrains\IdeaProjects\Homework3"/><property name="os.arch" value="amd64"/><property name="grouping.with.qualified.names.enabled" value="true"/><property name="idea.managed" value="true"/><property name="java.vm.info" value="mixed mode"/><property name="java.vm.version" value="11.0.24+7-LTS-271"/><property name="java.class.version" value="55.0"/>
    </properties>
          <testcase classname="test.ConversationSpec" name="ConversationApp should successfully start a new conversation and generate turns" time="0.595">
                      <failure message="List() was empty" type="org.scalatest.exceptions.TestFailedException">org.scalatest.exceptions.TestFailedException: List() was empty
	at org.scalatest.Assertions.newAssertionFailedException(Assertions.scala:472)
	at org.scalatest.Assertions.newAssertionFailedException$(Assertions.scala:471)
	at org.scalatest.Assertions$.newAssertionFailedException(Assertions.scala:1231)
	at org.scalatest.Assertions$AssertionsHelper.macroAssert(Assertions.scala:1295)
	at test.ConversationSpec.$anonfun$new$2(ConversationSpec.scala:22)
	at scala.concurrent.impl.Promise$Transformation.run(Promise.scala:467)
	at java.base/java.util.concurrent.ForkJoinTask$RunnableExecuteAction.exec(ForkJoinTask.java:1426)
	at java.base/java.util.concurrent.ForkJoinTask.doExec(ForkJoinTask.java:290)
	at java.base/java.util.concurrent.ForkJoinPool$WorkQueue.topLevelExec(ForkJoinPool.java:1020)
	at java.base/java.util.concurrent.ForkJoinPool.scan(ForkJoinPool.java:1656)
	at java.base/java.util.concurrent.ForkJoinPool.runWorker(ForkJoinPool.java:1594)
	at java.base/java.util.concurrent.ForkJoinWorkerThread.run(ForkJoinWorkerThread.java:183)
</failure>
                    </testcase><testcase classname="test.ConversationSpec" name="ConversationApp should respect maximum conversation cycles" time="0.023">
                      <failure message="last of empty list" type="java.util.NoSuchElementException">java.util.NoSuchElementException: last of empty list
	at scala.collection.immutable.Nil$.last(List.scala:665)
	at scala.collection.immutable.Nil$.last(List.scala:661)
	at test.ConversationSpec.$anonfun$new$5(ConversationSpec.scala:41)
	at scala.concurrent.impl.Promise$Transformation.run(Promise.scala:467)
	at java.base/java.util.concurrent.ForkJoinTask$RunnableExecuteAction.exec(ForkJoinTask.java:1426)
	at java.base/java.util.concurrent.ForkJoinTask.doExec(ForkJoinTask.java:290)
	at java.base/java.util.concurrent.ForkJoinPool$WorkQueue.topLevelExec(ForkJoinPool.java:1020)
	at java.base/java.util.concurrent.ForkJoinPool.scan(ForkJoinPool.java:1656)
	at java.base/java.util.concurrent.ForkJoinPool.runWorker(ForkJoinPool.java:1594)
	at java.base/java.util.concurrent.ForkJoinWorkerThread.run(ForkJoinWorkerThread.java:183)
</failure>
                    </testcase>
          <system-out><![CDATA[]]></system-out>
          <system-err><![CDATA[]]></system-err>
        </testsuite>